{"level":"INFO","message":"[7:42:24.106 PM]: Creating new connection object"}
{"level":"INFO","message":"[7:42:24.114 PM]: Creating Connection[id: a4c1c976-57bd-444c-b454-ecc9ef53d818] with host: abc-xy12345.snowflakecomputing.com, account: abc-xy12345, accessUrl: https://abc-xy12345.snowflakecomputing.com, user: STUDYAPP_USER, role: undefined, database: STUDYAPP, schema: APPDATA, warehouse: COMPUTE_WH, proxy was not configured, password is provided, region: undefined, authenticator: SNOWFLAKE, ocsp mode: FAIL_OPEN, os: win32, os version: 10.0.26100"}
{"level":"INFO","message":"[7:42:24.114 PM]: Connection[id: a4c1c976-57bd-444c-b454-ecc9ef53d818] additional details: passcode in password is provided, passcode is not provided, private key is not provided, application: undefined, client name: snowflake-sdk, client version: 2.3.1, retry timeout: 300, private key path: undefined, private key pass is not provided, client store temporary credential: false, browser response timeout: 120000"}
{"level":"INFO","message":"[7:42:24.115 PM]: Connection[id: a4c1c976-57bd-444c-b454-ecc9ef53d818] - connection object created successfully."}
{"level":"INFO","message":"[7:52:44.996 PM]: Creating new connection object"}
{"level":"INFO","message":"[7:52:45.004 PM]: Creating Connection[id: 8f7ad749-24c2-478c-b546-a8c0db487654] with host: abc-xy12345.snowflakecomputing.com, account: abc-xy12345, accessUrl: https://abc-xy12345.snowflakecomputing.com, user: STUDYAPP_USER, role: undefined, database: STUDYAPP, schema: APPDATA, warehouse: COMPUTE_WH, proxy was not configured, password is provided, region: undefined, authenticator: SNOWFLAKE, ocsp mode: FAIL_OPEN, os: win32, os version: 10.0.26100"}
{"level":"INFO","message":"[7:52:45.005 PM]: Connection[id: 8f7ad749-24c2-478c-b546-a8c0db487654] additional details: passcode in password is provided, passcode is not provided, private key is not provided, application: undefined, client name: snowflake-sdk, client version: 2.3.1, retry timeout: 300, private key path: undefined, private key pass is not provided, client store temporary credential: false, browser response timeout: 120000"}
{"level":"INFO","message":"[7:52:45.005 PM]: Connection[id: 8f7ad749-24c2-478c-b546-a8c0db487654] - connection object created successfully."}
{"level":"INFO","message":"[8:33:29.676 PM]: Creating new connection object"}
{"level":"INFO","message":"[8:33:29.685 PM]: Creating Connection[id: 7d981a30-aa28-4e12-9c3c-1145e600df41] with host: mzc28030.snowflakecomputing.com, account: mzc28030, accessUrl: https://mzc28030.snowflakecomputing.com, user: STUDYAPP_USER, role: undefined, database: STUDYAPP, schema: APPDATA, warehouse: COMPUTE_WH, proxy was not configured, password is provided, region: undefined, authenticator: SNOWFLAKE, ocsp mode: FAIL_OPEN, os: win32, os version: 10.0.26100"}
{"level":"INFO","message":"[8:33:29.685 PM]: Connection[id: 7d981a30-aa28-4e12-9c3c-1145e600df41] additional details: passcode in password is provided, passcode is not provided, private key is not provided, application: undefined, client name: snowflake-sdk, client version: 2.3.1, retry timeout: 300, private key path: undefined, private key pass is not provided, client store temporary credential: false, browser response timeout: 120000"}
{"level":"INFO","message":"[8:33:29.685 PM]: Connection[id: 7d981a30-aa28-4e12-9c3c-1145e600df41] - connection object created successfully."}
{"level":"INFO","message":"[8:34:52.212 PM]: Creating new connection object"}
{"level":"INFO","message":"[8:34:52.223 PM]: Creating Connection[id: a5f89cdf-cd95-4262-a477-8d3773009c93] with host: mzc28030.snowflakecomputing.com, account: mzc28030, accessUrl: https://mzc28030.snowflakecomputing.com, user: STUDYAPP_USER, role: undefined, database: STUDYAPP, schema: APPDATA, warehouse: COMPUTE_WH, proxy was not configured, password is provided, region: undefined, authenticator: SNOWFLAKE, ocsp mode: FAIL_OPEN, os: win32, os version: 10.0.26100"}
{"level":"INFO","message":"[8:34:52.223 PM]: Connection[id: a5f89cdf-cd95-4262-a477-8d3773009c93] additional details: passcode in password is provided, passcode is not provided, private key is not provided, application: undefined, client name: snowflake-sdk, client version: 2.3.1, retry timeout: 300, private key path: undefined, private key pass is not provided, client store temporary credential: false, browser response timeout: 120000"}
{"level":"INFO","message":"[8:34:52.223 PM]: Connection[id: a5f89cdf-cd95-4262-a477-8d3773009c93] - connection object created successfully."}
{"level":"INFO","message":"[8:49:45.533 PM]: Creating new connection object"}
{"level":"INFO","message":"[8:49:45.542 PM]: Creating Connection[id: c98b223d-57db-4f6e-b559-4cef056941fc] with host: mzc28030.snowflakecomputing.com, account: mzc28030, accessUrl: https://mzc28030.snowflakecomputing.com, user: STUDYAPP_USER, role: undefined, database: STUDYAPP, schema: APPDATA, warehouse: COMPUTE_WH, proxy was not configured, password is provided, region: undefined, authenticator: SNOWFLAKE, ocsp mode: FAIL_OPEN, os: win32, os version: 10.0.26100"}
{"level":"INFO","message":"[8:49:45.542 PM]: Connection[id: c98b223d-57db-4f6e-b559-4cef056941fc] additional details: passcode in password is provided, passcode is not provided, private key is not provided, application: undefined, client name: snowflake-sdk, client version: 2.3.1, retry timeout: 300, private key path: undefined, private key pass is not provided, client store temporary credential: false, browser response timeout: 120000"}
{"level":"INFO","message":"[8:49:45.543 PM]: Connection[id: c98b223d-57db-4f6e-b559-4cef056941fc] - connection object created successfully."}
{"level":"INFO","message":"[9:03:59.595 PM]: Creating new connection object"}
{"level":"INFO","message":"[9:03:59.604 PM]: Creating Connection[id: e971327c-60bd-4974-9b95-6387f9bd5a07] with host: mzc28030.snowflakecomputing.com, account: mzc28030, accessUrl: https://mzc28030.snowflakecomputing.com, user: STUDYAPP_USER, role: undefined, database: STUDYAPP, schema: APPDATA, warehouse: COMPUTE_WH, proxy was not configured, password is provided, region: undefined, authenticator: SNOWFLAKE, ocsp mode: FAIL_OPEN, os: win32, os version: 10.0.26100"}
{"level":"INFO","message":"[9:03:59.605 PM]: Connection[id: e971327c-60bd-4974-9b95-6387f9bd5a07] additional details: passcode in password is provided, passcode is not provided, private key is not provided, application: undefined, client name: snowflake-sdk, client version: 2.3.1, retry timeout: 300, private key path: undefined, private key pass is not provided, client store temporary credential: false, browser response timeout: 120000"}
{"level":"INFO","message":"[9:03:59.605 PM]: Connection[id: e971327c-60bd-4974-9b95-6387f9bd5a07] - connection object created successfully."}
{"level":"INFO","message":"[9:07:48.555 PM]: Creating new connection object"}
{"level":"INFO","message":"[9:07:48.565 PM]: Creating Connection[id: 892b25c7-29a1-4eea-aec9-aa2d9e19f6fa] with host: mzc28030.snowflakecomputing.com, account: mzc28030, accessUrl: https://mzc28030.snowflakecomputing.com, user: STUDYAPP_USER, role: undefined, database: STUDYAPP, schema: APPDATA, warehouse: COMPUTE_WH, proxy was not configured, password is provided, region: undefined, authenticator: SNOWFLAKE, ocsp mode: FAIL_OPEN, os: win32, os version: 10.0.26100"}
{"level":"INFO","message":"[9:07:48.565 PM]: Connection[id: 892b25c7-29a1-4eea-aec9-aa2d9e19f6fa] additional details: passcode in password is provided, passcode is not provided, private key is not provided, application: undefined, client name: snowflake-sdk, client version: 2.3.1, retry timeout: 300, private key path: undefined, private key pass is not provided, client store temporary credential: false, browser response timeout: 120000"}
{"level":"INFO","message":"[9:07:48.566 PM]: Connection[id: 892b25c7-29a1-4eea-aec9-aa2d9e19f6fa] - connection object created successfully."}
{"level":"INFO","message":"[9:20:11.347 PM]: Creating new connection object"}
{"level":"INFO","message":"[9:20:11.356 PM]: Creating Connection[id: b5d8100a-f4f6-4304-891b-cd016679a086] with host: mzc28030.snowflakecomputing.com, account: mzc28030, accessUrl: https://mzc28030.snowflakecomputing.com, user: STUDYAPP_USER, role: undefined, database: STUDYAPP, schema: APPDATA, warehouse: COMPUTE_WH, proxy was not configured, password is provided, region: undefined, authenticator: SNOWFLAKE, ocsp mode: FAIL_OPEN, os: win32, os version: 10.0.26100"}
{"level":"INFO","message":"[9:20:11.357 PM]: Connection[id: b5d8100a-f4f6-4304-891b-cd016679a086] additional details: passcode in password is provided, passcode is not provided, private key is not provided, application: undefined, client name: snowflake-sdk, client version: 2.3.1, retry timeout: 300, private key path: undefined, private key pass is not provided, client store temporary credential: false, browser response timeout: 120000"}
{"level":"INFO","message":"[9:20:11.357 PM]: Connection[id: b5d8100a-f4f6-4304-891b-cd016679a086] - connection object created successfully."}
{"level":"INFO","message":"[9:20:11.357 PM]: Connection[id: b5d8100a-f4f6-4304-891b-cd016679a086] - connecting. Associated Snowflake domain: GLOBAL"}
{"level":"INFO","message":"[9:20:11.359 PM]: Connection[id: b5d8100a-f4f6-4304-891b-cd016679a086] - authentication successful using: SNOWFLAKE"}
{"level":"INFO","message":"[9:20:11.360 PM]: Trying to initialize Easy Logging"}
{"level":"INFO","message":"[9:20:11.363 PM]: No client config detected."}
{"level":"INFO","message":"[9:20:11.363 PM]: No config file path found. Client config will not be used."}
{"level":"INFO","message":"[9:20:11.364 PM]: Easy Logging is disabled as no config has been found"}
{"level":"INFO","message":"[9:20:11.367 PM]: Connection[id: b5d8100a-f4f6-4304-891b-cd016679a086] - connected successfully after 9.51 milliseconds"}
{"level":"INFO","message":"[9:22:59.075 PM]: Creating new connection object"}
{"level":"INFO","message":"[9:22:59.083 PM]: Creating Connection[id: 191ddffa-9574-4df1-b25e-ca81369cc16d] with host: mzc28030.snowflakecomputing.com, account: mzc28030, accessUrl: https://mzc28030.snowflakecomputing.com, user: STUDYAPP_USER, role: undefined, database: STUDYAPP, schema: APPDATA, warehouse: COMPUTE_WH, proxy was not configured, password is provided, region: undefined, authenticator: SNOWFLAKE, ocsp mode: FAIL_OPEN, os: win32, os version: 10.0.26100"}
{"level":"INFO","message":"[9:22:59.084 PM]: Connection[id: 191ddffa-9574-4df1-b25e-ca81369cc16d] additional details: passcode in password is provided, passcode is not provided, private key is not provided, application: undefined, client name: snowflake-sdk, client version: 2.3.1, retry timeout: 300, private key path: undefined, private key pass is not provided, client store temporary credential: false, browser response timeout: 120000"}
{"level":"INFO","message":"[9:22:59.084 PM]: Connection[id: 191ddffa-9574-4df1-b25e-ca81369cc16d] - connection object created successfully."}
{"level":"INFO","message":"[9:22:59.084 PM]: Connection[id: 191ddffa-9574-4df1-b25e-ca81369cc16d] - connecting. Associated Snowflake domain: GLOBAL"}
{"level":"INFO","message":"[9:22:59.086 PM]: Connection[id: 191ddffa-9574-4df1-b25e-ca81369cc16d] - authentication successful using: SNOWFLAKE"}
{"level":"INFO","message":"[9:22:59.087 PM]: Trying to initialize Easy Logging"}
{"level":"INFO","message":"[9:22:59.090 PM]: No client config detected."}
{"level":"INFO","message":"[9:22:59.090 PM]: No config file path found. Client config will not be used."}
{"level":"INFO","message":"[9:22:59.090 PM]: Easy Logging is disabled as no config has been found"}
{"level":"INFO","message":"[9:22:59.092 PM]: Connection[id: 191ddffa-9574-4df1-b25e-ca81369cc16d] - connected successfully after 8.31 milliseconds"}
{"level":"INFO","message":"[9:23:53.303 PM]: Creating new connection object"}
{"level":"INFO","message":"[9:23:53.311 PM]: Creating Connection[id: beff45cb-ab2c-476e-a6bd-de67052d7203] with host: mzc28030.snowflakecomputing.com, account: mzc28030, accessUrl: https://mzc28030.snowflakecomputing.com, user: STUDYAPP_USER, role: undefined, database: STUDYAPP, schema: APPDATA, warehouse: COMPUTE_WH, proxy was not configured, password is provided, region: undefined, authenticator: SNOWFLAKE, ocsp mode: FAIL_OPEN, os: win32, os version: 10.0.26100"}
{"level":"INFO","message":"[9:23:53.311 PM]: Connection[id: beff45cb-ab2c-476e-a6bd-de67052d7203] additional details: passcode in password is provided, passcode is not provided, private key is not provided, application: undefined, client name: snowflake-sdk, client version: 2.3.1, retry timeout: 300, private key path: undefined, private key pass is not provided, client store temporary credential: false, browser response timeout: 120000"}
{"level":"INFO","message":"[9:23:53.312 PM]: Connection[id: beff45cb-ab2c-476e-a6bd-de67052d7203] - connection object created successfully."}
{"level":"INFO","message":"[9:23:53.312 PM]: Connection[id: beff45cb-ab2c-476e-a6bd-de67052d7203] - connecting. Associated Snowflake domain: GLOBAL"}
{"level":"INFO","message":"[9:23:53.314 PM]: Connection[id: beff45cb-ab2c-476e-a6bd-de67052d7203] - authentication successful using: SNOWFLAKE"}
{"level":"INFO","message":"[9:23:53.314 PM]: Trying to initialize Easy Logging"}
{"level":"INFO","message":"[9:23:53.318 PM]: No client config detected."}
{"level":"INFO","message":"[9:23:53.318 PM]: No config file path found. Client config will not be used."}
{"level":"INFO","message":"[9:23:53.319 PM]: Easy Logging is disabled as no config has been found"}
{"level":"INFO","message":"[9:23:53.321 PM]: Connection[id: beff45cb-ab2c-476e-a6bd-de67052d7203] - connected successfully after 8.93 milliseconds"}
{"level":"INFO","message":"[9:24:40.523 PM]: Creating new connection object"}
{"level":"INFO","message":"[9:24:40.531 PM]: Creating Connection[id: f0cef25d-c307-41e9-9f2d-e5e1f358b1c0] with host: mzc28030.snowflakecomputing.com, account: mzc28030, accessUrl: https://mzc28030.snowflakecomputing.com, user: STUDYAPP_USER, role: undefined, database: STUDYAPP, schema: APPDATA, warehouse: COMPUTE_WH, proxy was not configured, password is provided, region: undefined, authenticator: SNOWFLAKE, ocsp mode: FAIL_OPEN, os: win32, os version: 10.0.26100"}
{"level":"INFO","message":"[9:24:40.531 PM]: Connection[id: f0cef25d-c307-41e9-9f2d-e5e1f358b1c0] additional details: passcode in password is provided, passcode is not provided, private key is not provided, application: undefined, client name: snowflake-sdk, client version: 2.3.1, retry timeout: 300, private key path: undefined, private key pass is not provided, client store temporary credential: false, browser response timeout: 120000"}
{"level":"INFO","message":"[9:24:40.532 PM]: Connection[id: f0cef25d-c307-41e9-9f2d-e5e1f358b1c0] - connection object created successfully."}
{"level":"INFO","message":"[9:24:40.532 PM]: Connection[id: f0cef25d-c307-41e9-9f2d-e5e1f358b1c0] - connecting. Associated Snowflake domain: GLOBAL"}
{"level":"INFO","message":"[9:24:40.535 PM]: Connection[id: f0cef25d-c307-41e9-9f2d-e5e1f358b1c0] - authentication successful using: SNOWFLAKE"}
{"level":"INFO","message":"[9:24:40.535 PM]: Trying to initialize Easy Logging"}
{"level":"INFO","message":"[9:24:40.539 PM]: No client config detected."}
{"level":"INFO","message":"[9:24:40.540 PM]: No config file path found. Client config will not be used."}
{"level":"INFO","message":"[9:24:40.540 PM]: Easy Logging is disabled as no config has been found"}
{"level":"INFO","message":"[9:24:40.542 PM]: Connection[id: f0cef25d-c307-41e9-9f2d-e5e1f358b1c0] - connected successfully after 9.98 milliseconds"}
{"level":"INFO","message":"[9:34:49.961 PM]: Creating new connection object"}
{"level":"INFO","message":"[9:34:49.970 PM]: Creating Connection[id: 3603fb23-e906-4da2-87d8-cca0aae8bab3] with host: mzc28030.snowflakecomputing.com, account: mzc28030, accessUrl: https://mzc28030.snowflakecomputing.com, user: STUDYAPP_USER, role: undefined, database: STUDYAPP, schema: APPDATA, warehouse: COMPUTE_WH, proxy was not configured, password is provided, region: undefined, authenticator: SNOWFLAKE, ocsp mode: FAIL_OPEN, os: win32, os version: 10.0.26100"}
{"level":"INFO","message":"[9:34:49.971 PM]: Connection[id: 3603fb23-e906-4da2-87d8-cca0aae8bab3] additional details: passcode in password is provided, passcode is not provided, private key is not provided, application: undefined, client name: snowflake-sdk, client version: 2.3.1, retry timeout: 300, private key path: undefined, private key pass is not provided, client store temporary credential: false, browser response timeout: 120000"}
{"level":"INFO","message":"[9:34:49.971 PM]: Connection[id: 3603fb23-e906-4da2-87d8-cca0aae8bab3] - connection object created successfully."}
{"level":"INFO","message":"[9:34:49.972 PM]: Connection[id: 3603fb23-e906-4da2-87d8-cca0aae8bab3] - connecting. Associated Snowflake domain: GLOBAL"}
{"level":"INFO","message":"[9:34:49.973 PM]: Connection[id: 3603fb23-e906-4da2-87d8-cca0aae8bab3] - authentication successful using: SNOWFLAKE"}
{"level":"INFO","message":"[9:34:49.973 PM]: Trying to initialize Easy Logging"}
{"level":"INFO","message":"[9:34:49.974 PM]: No client config detected."}
{"level":"INFO","message":"[9:34:49.974 PM]: No config file path found. Client config will not be used."}
{"level":"INFO","message":"[9:34:49.974 PM]: Easy Logging is disabled as no config has been found"}
{"level":"INFO","message":"[9:34:49.977 PM]: Connection[id: 3603fb23-e906-4da2-87d8-cca0aae8bab3] - connected successfully after 5.48 milliseconds"}
{"level":"INFO","message":"[9:35:36.062 PM]: Creating new connection object"}
{"level":"INFO","message":"[9:35:36.062 PM]: Creating Connection[id: 4f6f5920-5d93-4a54-a816-5deac217bf97] with host: mzc28030.snowflakecomputing.com, account: mzc28030, accessUrl: https://mzc28030.snowflakecomputing.com, user: STUDYAPP_USER, role: undefined, database: STUDYAPP, schema: APPDATA, warehouse: COMPUTE_WH, proxy was not configured, password is provided, region: undefined, authenticator: SNOWFLAKE, ocsp mode: FAIL_OPEN, os: win32, os version: 10.0.26100"}
{"level":"INFO","message":"[9:35:36.062 PM]: Connection[id: 4f6f5920-5d93-4a54-a816-5deac217bf97] additional details: passcode in password is provided, passcode is not provided, private key is not provided, application: undefined, client name: snowflake-sdk, client version: 2.3.1, retry timeout: 300, private key path: undefined, private key pass is not provided, client store temporary credential: false, browser response timeout: 120000"}
{"level":"INFO","message":"[9:35:36.062 PM]: Connection[id: 4f6f5920-5d93-4a54-a816-5deac217bf97] - connection object created successfully."}
{"level":"INFO","message":"[9:35:36.063 PM]: Connection[id: 4f6f5920-5d93-4a54-a816-5deac217bf97] - connecting. Associated Snowflake domain: GLOBAL"}
{"level":"INFO","message":"[9:35:36.063 PM]: Connection[id: 4f6f5920-5d93-4a54-a816-5deac217bf97] - authentication successful using: SNOWFLAKE"}
{"level":"INFO","message":"[9:35:36.063 PM]: Connection[id: 4f6f5920-5d93-4a54-a816-5deac217bf97] - connected successfully after 0.67 milliseconds"}
{"level":"INFO","message":"[9:38:15.134 PM]: Creating new connection object"}
{"level":"INFO","message":"[9:38:15.135 PM]: Creating Connection[id: 0451a5ef-7edb-4358-8929-efd6cc288b1a] with host: mzc28030.snowflakecomputing.com, account: mzc28030, accessUrl: https://mzc28030.snowflakecomputing.com, user: STUDYAPP_USER, role: undefined, database: STUDYAPP, schema: APPDATA, warehouse: COMPUTE_WH, proxy was not configured, password is provided, region: undefined, authenticator: SNOWFLAKE, ocsp mode: FAIL_OPEN, os: win32, os version: 10.0.26100"}
{"level":"INFO","message":"[9:38:15.135 PM]: Connection[id: 0451a5ef-7edb-4358-8929-efd6cc288b1a] additional details: passcode in password is provided, passcode is not provided, private key is not provided, application: undefined, client name: snowflake-sdk, client version: 2.3.1, retry timeout: 300, private key path: undefined, private key pass is not provided, client store temporary credential: false, browser response timeout: 120000"}
{"level":"INFO","message":"[9:38:15.135 PM]: Connection[id: 0451a5ef-7edb-4358-8929-efd6cc288b1a] - connection object created successfully."}
{"level":"INFO","message":"[9:38:15.135 PM]: Connection[id: 0451a5ef-7edb-4358-8929-efd6cc288b1a] - connecting. Associated Snowflake domain: GLOBAL"}
{"level":"INFO","message":"[9:38:15.135 PM]: Connection[id: 0451a5ef-7edb-4358-8929-efd6cc288b1a] - authentication successful using: SNOWFLAKE"}
{"level":"INFO","message":"[9:38:15.135 PM]: Connection[id: 0451a5ef-7edb-4358-8929-efd6cc288b1a] - connected successfully after 0.5 milliseconds"}
{"level":"INFO","message":"[9:43:59.475 PM]: Creating new connection object"}
{"level":"INFO","message":"[9:43:59.483 PM]: Creating Connection[id: 4e8d0336-6e78-461f-96a4-81ab75ac7387] with host: mzc28030.us-east-1.snowflakecomputing.com, account: mzc28030, accessUrl: https://mzc28030.us-east-1.snowflakecomputing.com, user: STUDYAPP_USER, role: undefined, database: STUDYAPP, schema: APPDATA, warehouse: COMPUTE_WH, proxy was not configured, password is provided, region: us-east-1, authenticator: SNOWFLAKE, ocsp mode: FAIL_OPEN, os: win32, os version: 10.0.26100"}
{"level":"INFO","message":"[9:43:59.484 PM]: Connection[id: 4e8d0336-6e78-461f-96a4-81ab75ac7387] additional details: passcode in password is provided, passcode is not provided, private key is not provided, application: undefined, client name: snowflake-sdk, client version: 2.3.1, retry timeout: 300, private key path: undefined, private key pass is not provided, client store temporary credential: false, browser response timeout: 120000"}
{"level":"INFO","message":"[9:43:59.484 PM]: Connection[id: 4e8d0336-6e78-461f-96a4-81ab75ac7387] - connection object created successfully."}
{"level":"INFO","message":"[9:43:59.484 PM]: Connection[id: 4e8d0336-6e78-461f-96a4-81ab75ac7387] - connecting. Associated Snowflake domain: GLOBAL"}
{"level":"INFO","message":"[9:43:59.485 PM]: Connection[id: 4e8d0336-6e78-461f-96a4-81ab75ac7387] - authentication successful using: SNOWFLAKE"}
{"level":"INFO","message":"[9:43:59.485 PM]: Trying to initialize Easy Logging"}
{"level":"INFO","message":"[9:43:59.486 PM]: No client config detected."}
{"level":"INFO","message":"[9:43:59.486 PM]: No config file path found. Client config will not be used."}
{"level":"INFO","message":"[9:43:59.486 PM]: Easy Logging is disabled as no config has been found"}
{"level":"INFO","message":"[9:43:59.489 PM]: Connection[id: 4e8d0336-6e78-461f-96a4-81ab75ac7387] - connected successfully after 4.8 milliseconds"}
{"level":"INFO","message":"[9:45:09.585 PM]: Creating new connection object"}
{"level":"INFO","message":"[9:45:09.586 PM]: Creating Connection[id: c58adc96-eeb8-4ddf-87c5-50d2d480d62d] with host: mzc28030.us-east-1.snowflakecomputing.com, account: mzc28030, accessUrl: https://mzc28030.us-east-1.snowflakecomputing.com, user: STUDYAPP_USER, role: undefined, database: STUDYAPP, schema: APPDATA, warehouse: COMPUTE_WH, proxy was not configured, password is provided, region: us-east-1, authenticator: SNOWFLAKE, ocsp mode: FAIL_OPEN, os: win32, os version: 10.0.26100"}
{"level":"INFO","message":"[9:45:09.587 PM]: Connection[id: c58adc96-eeb8-4ddf-87c5-50d2d480d62d] additional details: passcode in password is provided, passcode is not provided, private key is not provided, application: undefined, client name: snowflake-sdk, client version: 2.3.1, retry timeout: 300, private key path: undefined, private key pass is not provided, client store temporary credential: false, browser response timeout: 120000"}
{"level":"INFO","message":"[9:45:09.587 PM]: Connection[id: c58adc96-eeb8-4ddf-87c5-50d2d480d62d] - connection object created successfully."}
{"level":"INFO","message":"[9:45:09.587 PM]: Connection[id: c58adc96-eeb8-4ddf-87c5-50d2d480d62d] - connecting. Associated Snowflake domain: GLOBAL"}
{"level":"INFO","message":"[9:45:09.587 PM]: Connection[id: c58adc96-eeb8-4ddf-87c5-50d2d480d62d] - authentication successful using: SNOWFLAKE"}
{"level":"INFO","message":"[9:45:09.588 PM]: Connection[id: c58adc96-eeb8-4ddf-87c5-50d2d480d62d] - connected successfully after 0.78 milliseconds"}
{"level":"INFO","message":"[10:11:56.419 PM]: Creating new connection object"}
{"level":"INFO","message":"[10:11:56.430 PM]: Creating Connection[id: 35b601ae-6688-463f-9e48-75feb4c4e7fa] with host: mzc28030.us-east-1.snowflakecomputing.com, account: mzc28030, accessUrl: https://mzc28030.us-east-1.snowflakecomputing.com, user: STUDYAPP_USER, role: undefined, database: STUDYAPP, schema: APPDATA, warehouse: COMPUTE_WH, proxy was not configured, password is provided, region: us-east-1, authenticator: SNOWFLAKE, ocsp mode: FAIL_OPEN, os: win32, os version: 10.0.26100"}
{"level":"INFO","message":"[10:11:56.431 PM]: Connection[id: 35b601ae-6688-463f-9e48-75feb4c4e7fa] additional details: passcode in password is provided, passcode is not provided, private key is not provided, application: undefined, client name: snowflake-sdk, client version: 2.3.1, retry timeout: 300, private key path: undefined, private key pass is not provided, client store temporary credential: false, browser response timeout: 120000"}
{"level":"INFO","message":"[10:11:56.431 PM]: Connection[id: 35b601ae-6688-463f-9e48-75feb4c4e7fa] - connection object created successfully."}
{"level":"INFO","message":"[10:11:56.431 PM]: Connection[id: 35b601ae-6688-463f-9e48-75feb4c4e7fa] - connecting. Associated Snowflake domain: GLOBAL"}
{"level":"INFO","message":"[10:11:56.432 PM]: Connection[id: 35b601ae-6688-463f-9e48-75feb4c4e7fa] - authentication successful using: SNOWFLAKE"}
{"level":"INFO","message":"[10:11:56.432 PM]: Trying to initialize Easy Logging"}
{"level":"INFO","message":"[10:11:56.434 PM]: No client config detected."}
{"level":"INFO","message":"[10:11:56.435 PM]: No config file path found. Client config will not be used."}
{"level":"INFO","message":"[10:11:56.435 PM]: Easy Logging is disabled as no config has been found"}
{"level":"INFO","message":"[10:11:56.437 PM]: Connection[id: 35b601ae-6688-463f-9e48-75feb4c4e7fa] - connected successfully after 5.68 milliseconds"}
{"level":"INFO","message":"[10:12:32.457 PM]: Creating new connection object"}
{"level":"INFO","message":"[10:12:32.459 PM]: Creating Connection[id: df6045f2-5aa5-4bb2-a937-eb1493d6de95] with host: mzc28030.us-east-1.snowflakecomputing.com, account: mzc28030, accessUrl: https://mzc28030.us-east-1.snowflakecomputing.com, user: STUDYAPP_USER, role: undefined, database: STUDYAPP, schema: APPDATA, warehouse: COMPUTE_WH, proxy was not configured, password is provided, region: us-east-1, authenticator: SNOWFLAKE, ocsp mode: FAIL_OPEN, os: win32, os version: 10.0.26100"}
{"level":"INFO","message":"[10:12:32.459 PM]: Connection[id: df6045f2-5aa5-4bb2-a937-eb1493d6de95] additional details: passcode in password is provided, passcode is not provided, private key is not provided, application: undefined, client name: snowflake-sdk, client version: 2.3.1, retry timeout: 300, private key path: undefined, private key pass is not provided, client store temporary credential: false, browser response timeout: 120000"}
{"level":"INFO","message":"[10:12:32.459 PM]: Connection[id: df6045f2-5aa5-4bb2-a937-eb1493d6de95] - connection object created successfully."}
{"level":"INFO","message":"[10:12:32.460 PM]: Connection[id: df6045f2-5aa5-4bb2-a937-eb1493d6de95] - connecting. Associated Snowflake domain: GLOBAL"}
{"level":"INFO","message":"[10:12:32.460 PM]: Connection[id: df6045f2-5aa5-4bb2-a937-eb1493d6de95] - authentication successful using: SNOWFLAKE"}
{"level":"INFO","message":"[10:12:32.460 PM]: Connection[id: df6045f2-5aa5-4bb2-a937-eb1493d6de95] - connected successfully after 0.63 milliseconds"}
{"level":"INFO","message":"[10:41:25.056 PM]: Creating new connection object"}
{"level":"INFO","message":"[10:41:25.064 PM]: Creating Connection[id: f5fd950a-1c0d-4146-8e56-e3b668c1c4fd] with host: mzc28030.us-east-1.snowflakecomputing.com, account: mzc28030, accessUrl: https://mzc28030.us-east-1.snowflakecomputing.com, user: STUDYAPP_USER, role: undefined, database: STUDYAPP, schema: APPDATA, warehouse: COMPUTE_WH, proxy was not configured, password is provided, region: us-east-1, authenticator: SNOWFLAKE, ocsp mode: FAIL_OPEN, os: win32, os version: 10.0.26100"}
{"level":"INFO","message":"[10:41:25.065 PM]: Connection[id: f5fd950a-1c0d-4146-8e56-e3b668c1c4fd] additional details: passcode in password is provided, passcode is not provided, private key is not provided, application: undefined, client name: snowflake-sdk, client version: 2.3.1, retry timeout: 300, private key path: undefined, private key pass is not provided, client store temporary credential: false, browser response timeout: 120000"}
{"level":"INFO","message":"[10:41:25.065 PM]: Connection[id: f5fd950a-1c0d-4146-8e56-e3b668c1c4fd] - connection object created successfully."}
{"level":"INFO","message":"[10:41:25.066 PM]: Connection[id: f5fd950a-1c0d-4146-8e56-e3b668c1c4fd] - connecting. Associated Snowflake domain: GLOBAL"}
{"level":"INFO","message":"[10:41:25.066 PM]: Connection[id: f5fd950a-1c0d-4146-8e56-e3b668c1c4fd] - authentication successful using: SNOWFLAKE"}
{"level":"INFO","message":"[10:41:25.066 PM]: Trying to initialize Easy Logging"}
{"level":"INFO","message":"[10:41:25.068 PM]: No client config detected."}
{"level":"INFO","message":"[10:41:25.068 PM]: No config file path found. Client config will not be used."}
{"level":"INFO","message":"[10:41:25.069 PM]: Easy Logging is disabled as no config has been found"}
{"level":"INFO","message":"[10:41:25.071 PM]: Connection[id: f5fd950a-1c0d-4146-8e56-e3b668c1c4fd] - connected successfully after 5.53 milliseconds"}
{"level":"INFO","message":"[10:41:26.461 PM]: Creating new connection object"}
{"level":"INFO","message":"[10:41:26.462 PM]: Creating Connection[id: 1cd48046-b6cc-45ae-9da6-896d1d005abd] with host: mzc28030.us-east-1.snowflakecomputing.com, account: mzc28030, accessUrl: https://mzc28030.us-east-1.snowflakecomputing.com, user: STUDYAPP_USER, role: undefined, database: STUDYAPP, schema: APPDATA, warehouse: COMPUTE_WH, proxy was not configured, password is provided, region: us-east-1, authenticator: SNOWFLAKE, ocsp mode: FAIL_OPEN, os: win32, os version: 10.0.26100"}
{"level":"INFO","message":"[10:41:26.462 PM]: Connection[id: 1cd48046-b6cc-45ae-9da6-896d1d005abd] additional details: passcode in password is provided, passcode is not provided, private key is not provided, application: undefined, client name: snowflake-sdk, client version: 2.3.1, retry timeout: 300, private key path: undefined, private key pass is not provided, client store temporary credential: false, browser response timeout: 120000"}
{"level":"INFO","message":"[10:41:26.462 PM]: Connection[id: 1cd48046-b6cc-45ae-9da6-896d1d005abd] - connection object created successfully."}
{"level":"INFO","message":"[10:41:26.463 PM]: Connection[id: 1cd48046-b6cc-45ae-9da6-896d1d005abd] - connecting. Associated Snowflake domain: GLOBAL"}
{"level":"INFO","message":"[10:41:26.463 PM]: Connection[id: 1cd48046-b6cc-45ae-9da6-896d1d005abd] - authentication successful using: SNOWFLAKE"}
{"level":"INFO","message":"[10:41:26.463 PM]: Connection[id: 1cd48046-b6cc-45ae-9da6-896d1d005abd] - connected successfully after 0.92 milliseconds"}
{"level":"INFO","message":"[10:48:55.096 PM]: Creating new connection object"}
{"level":"INFO","message":"[10:48:55.105 PM]: Creating Connection[id: e174dc13-caab-4e60-b157-3615b0688f32] with host: mzc28030.us-east-1.snowflakecomputing.com, account: mzc28030, accessUrl: https://mzc28030.us-east-1.snowflakecomputing.com, user: STUDYAPP_USER, role: undefined, database: STUDYAPP, schema: APPDATA, warehouse: COMPUTE_WH, proxy was not configured, password is provided, region: us-east-1, authenticator: SNOWFLAKE, ocsp mode: FAIL_OPEN, os: win32, os version: 10.0.26100"}
{"level":"INFO","message":"[10:48:55.105 PM]: Connection[id: e174dc13-caab-4e60-b157-3615b0688f32] additional details: passcode in password is provided, passcode is not provided, private key is not provided, application: undefined, client name: snowflake-sdk, client version: 2.3.1, retry timeout: 300, private key path: undefined, private key pass is not provided, client store temporary credential: false, browser response timeout: 120000"}
{"level":"INFO","message":"[10:48:55.106 PM]: Connection[id: e174dc13-caab-4e60-b157-3615b0688f32] - connection object created successfully."}
{"level":"INFO","message":"[10:48:55.106 PM]: Connection[id: e174dc13-caab-4e60-b157-3615b0688f32] - connecting. Associated Snowflake domain: GLOBAL"}
{"level":"INFO","message":"[10:48:55.106 PM]: Connection[id: e174dc13-caab-4e60-b157-3615b0688f32] - authentication successful using: SNOWFLAKE"}
{"level":"INFO","message":"[10:48:55.107 PM]: Trying to initialize Easy Logging"}
{"level":"INFO","message":"[10:48:55.108 PM]: No client config detected."}
{"level":"INFO","message":"[10:48:55.108 PM]: No config file path found. Client config will not be used."}
{"level":"INFO","message":"[10:48:55.109 PM]: Easy Logging is disabled as no config has been found"}
{"level":"INFO","message":"[10:48:55.111 PM]: Connection[id: e174dc13-caab-4e60-b157-3615b0688f32] - connected successfully after 4.88 milliseconds"}
{"level":"INFO","message":"[10:48:56.839 PM]: Creating new connection object"}
{"level":"INFO","message":"[10:48:56.840 PM]: Creating Connection[id: e21a0e72-adff-4afc-91fc-4f8363df91c6] with host: mzc28030.us-east-1.snowflakecomputing.com, account: mzc28030, accessUrl: https://mzc28030.us-east-1.snowflakecomputing.com, user: STUDYAPP_USER, role: undefined, database: STUDYAPP, schema: APPDATA, warehouse: COMPUTE_WH, proxy was not configured, password is provided, region: us-east-1, authenticator: SNOWFLAKE, ocsp mode: FAIL_OPEN, os: win32, os version: 10.0.26100"}
{"level":"INFO","message":"[10:48:56.840 PM]: Connection[id: e21a0e72-adff-4afc-91fc-4f8363df91c6] additional details: passcode in password is provided, passcode is not provided, private key is not provided, application: undefined, client name: snowflake-sdk, client version: 2.3.1, retry timeout: 300, private key path: undefined, private key pass is not provided, client store temporary credential: false, browser response timeout: 120000"}
{"level":"INFO","message":"[10:48:56.840 PM]: Connection[id: e21a0e72-adff-4afc-91fc-4f8363df91c6] - connection object created successfully."}
{"level":"INFO","message":"[10:48:56.840 PM]: Connection[id: e21a0e72-adff-4afc-91fc-4f8363df91c6] - connecting. Associated Snowflake domain: GLOBAL"}
{"level":"INFO","message":"[10:48:56.840 PM]: Connection[id: e21a0e72-adff-4afc-91fc-4f8363df91c6] - authentication successful using: SNOWFLAKE"}
{"level":"INFO","message":"[10:48:56.840 PM]: Connection[id: e21a0e72-adff-4afc-91fc-4f8363df91c6] - connected successfully after 0.49 milliseconds"}
{"level":"INFO","message":"[10:54:08.103 PM]: Creating new connection object"}
{"level":"INFO","message":"[10:54:08.112 PM]: Creating Connection[id: d7036e6a-db21-4f8f-a7bb-c981804fb75e] with host: mzc28030.us-east-1.snowflakecomputing.com, account: mzc28030, accessUrl: https://mzc28030.us-east-1.snowflakecomputing.com, user: STUDYAPP_USER, role: undefined, database: STUDYAPP, schema: APPDATA, warehouse: COMPUTE_WH, proxy was not configured, password is provided, region: us-east-1, authenticator: SNOWFLAKE, ocsp mode: FAIL_OPEN, os: win32, os version: 10.0.26100"}
{"level":"INFO","message":"[10:54:08.113 PM]: Connection[id: d7036e6a-db21-4f8f-a7bb-c981804fb75e] additional details: passcode in password is provided, passcode is not provided, private key is not provided, application: undefined, client name: snowflake-sdk, client version: 2.3.1, retry timeout: 300, private key path: undefined, private key pass is not provided, client store temporary credential: false, browser response timeout: 120000"}
{"level":"INFO","message":"[10:54:08.113 PM]: Connection[id: d7036e6a-db21-4f8f-a7bb-c981804fb75e] - connection object created successfully."}
{"level":"INFO","message":"[10:54:08.113 PM]: Connection[id: d7036e6a-db21-4f8f-a7bb-c981804fb75e] - connecting. Associated Snowflake domain: GLOBAL"}
{"level":"INFO","message":"[10:54:08.114 PM]: Connection[id: d7036e6a-db21-4f8f-a7bb-c981804fb75e] - authentication successful using: SNOWFLAKE"}
{"level":"INFO","message":"[10:54:08.114 PM]: Trying to initialize Easy Logging"}
{"level":"INFO","message":"[10:54:08.115 PM]: No client config detected."}
{"level":"INFO","message":"[10:54:08.116 PM]: No config file path found. Client config will not be used."}
{"level":"INFO","message":"[10:54:08.116 PM]: Easy Logging is disabled as no config has been found"}
{"level":"INFO","message":"[10:54:08.118 PM]: Connection[id: d7036e6a-db21-4f8f-a7bb-c981804fb75e] - connected successfully after 4.83 milliseconds"}
{"level":"INFO","message":"[10:54:09.318 PM]: Creating new connection object"}
{"level":"INFO","message":"[10:54:09.319 PM]: Creating Connection[id: fba33539-57c3-47b7-bde6-a27eb7f1df22] with host: mzc28030.us-east-1.snowflakecomputing.com, account: mzc28030, accessUrl: https://mzc28030.us-east-1.snowflakecomputing.com, user: STUDYAPP_USER, role: undefined, database: STUDYAPP, schema: APPDATA, warehouse: COMPUTE_WH, proxy was not configured, password is provided, region: us-east-1, authenticator: SNOWFLAKE, ocsp mode: FAIL_OPEN, os: win32, os version: 10.0.26100"}
{"level":"INFO","message":"[10:54:09.319 PM]: Connection[id: fba33539-57c3-47b7-bde6-a27eb7f1df22] additional details: passcode in password is provided, passcode is not provided, private key is not provided, application: undefined, client name: snowflake-sdk, client version: 2.3.1, retry timeout: 300, private key path: undefined, private key pass is not provided, client store temporary credential: false, browser response timeout: 120000"}
{"level":"INFO","message":"[10:54:09.319 PM]: Connection[id: fba33539-57c3-47b7-bde6-a27eb7f1df22] - connection object created successfully."}
{"level":"INFO","message":"[10:54:09.319 PM]: Connection[id: fba33539-57c3-47b7-bde6-a27eb7f1df22] - connecting. Associated Snowflake domain: GLOBAL"}
{"level":"INFO","message":"[10:54:09.319 PM]: Connection[id: fba33539-57c3-47b7-bde6-a27eb7f1df22] - authentication successful using: SNOWFLAKE"}
{"level":"INFO","message":"[10:54:09.319 PM]: Connection[id: fba33539-57c3-47b7-bde6-a27eb7f1df22] - connected successfully after 0.54 milliseconds"}
{"level":"INFO","message":"[10:58:44.858 PM]: Creating new connection object"}
{"level":"INFO","message":"[10:58:44.866 PM]: Creating Connection[id: 53a292ca-7bd9-4994-b05f-fa4df427e54f] with host: mzc28030.us-east-1.snowflakecomputing.com, account: mzc28030, accessUrl: https://mzc28030.us-east-1.snowflakecomputing.com, user: STUDYAPP_USER, role: undefined, database: STUDYAPP, schema: APPDATA, warehouse: COMPUTE_WH, proxy was not configured, password is provided, region: us-east-1, authenticator: SNOWFLAKE, ocsp mode: FAIL_OPEN, os: win32, os version: 10.0.26100"}
{"level":"INFO","message":"[10:58:44.866 PM]: Connection[id: 53a292ca-7bd9-4994-b05f-fa4df427e54f] additional details: passcode in password is provided, passcode is not provided, private key is not provided, application: undefined, client name: snowflake-sdk, client version: 2.3.1, retry timeout: 300, private key path: undefined, private key pass is not provided, client store temporary credential: false, browser response timeout: 120000"}
{"level":"INFO","message":"[10:58:44.867 PM]: Connection[id: 53a292ca-7bd9-4994-b05f-fa4df427e54f] - connection object created successfully."}
{"level":"INFO","message":"[10:58:44.867 PM]: Connection[id: 53a292ca-7bd9-4994-b05f-fa4df427e54f] - connecting. Associated Snowflake domain: GLOBAL"}
{"level":"INFO","message":"[10:58:44.867 PM]: Connection[id: 53a292ca-7bd9-4994-b05f-fa4df427e54f] - authentication successful using: SNOWFLAKE"}
{"level":"INFO","message":"[10:58:44.868 PM]: Trying to initialize Easy Logging"}
{"level":"INFO","message":"[10:58:44.869 PM]: No client config detected."}
{"level":"INFO","message":"[10:58:44.869 PM]: No config file path found. Client config will not be used."}
{"level":"INFO","message":"[10:58:44.870 PM]: Easy Logging is disabled as no config has been found"}
{"level":"INFO","message":"[10:58:44.872 PM]: Connection[id: 53a292ca-7bd9-4994-b05f-fa4df427e54f] - connected successfully after 5.27 milliseconds"}
{"level":"INFO","message":"[10:58:46.239 PM]: Creating new connection object"}
{"level":"INFO","message":"[10:58:46.239 PM]: Creating Connection[id: 8b16dd39-b8b3-44b6-8356-a3c5edfa6a50] with host: mzc28030.us-east-1.snowflakecomputing.com, account: mzc28030, accessUrl: https://mzc28030.us-east-1.snowflakecomputing.com, user: STUDYAPP_USER, role: undefined, database: STUDYAPP, schema: APPDATA, warehouse: COMPUTE_WH, proxy was not configured, password is provided, region: us-east-1, authenticator: SNOWFLAKE, ocsp mode: FAIL_OPEN, os: win32, os version: 10.0.26100"}
{"level":"INFO","message":"[10:58:46.239 PM]: Connection[id: 8b16dd39-b8b3-44b6-8356-a3c5edfa6a50] additional details: passcode in password is provided, passcode is not provided, private key is not provided, application: undefined, client name: snowflake-sdk, client version: 2.3.1, retry timeout: 300, private key path: undefined, private key pass is not provided, client store temporary credential: false, browser response timeout: 120000"}
{"level":"INFO","message":"[10:58:46.239 PM]: Connection[id: 8b16dd39-b8b3-44b6-8356-a3c5edfa6a50] - connection object created successfully."}
{"level":"INFO","message":"[10:58:46.240 PM]: Connection[id: 8b16dd39-b8b3-44b6-8356-a3c5edfa6a50] - connecting. Associated Snowflake domain: GLOBAL"}
{"level":"INFO","message":"[10:58:46.240 PM]: Connection[id: 8b16dd39-b8b3-44b6-8356-a3c5edfa6a50] - authentication successful using: SNOWFLAKE"}
{"level":"INFO","message":"[10:58:46.240 PM]: Connection[id: 8b16dd39-b8b3-44b6-8356-a3c5edfa6a50] - connected successfully after 0.62 milliseconds"}
{"level":"INFO","message":"[10:59:06.932 PM]: Creating new connection object"}
{"level":"INFO","message":"[10:59:06.933 PM]: Creating Connection[id: 20d98e4b-4017-483e-bd57-493d6514111c] with host: mzc28030.us-east-1.snowflakecomputing.com, account: mzc28030, accessUrl: https://mzc28030.us-east-1.snowflakecomputing.com, user: STUDYAPP_USER, role: undefined, database: STUDYAPP, schema: APPDATA, warehouse: COMPUTE_WH, proxy was not configured, password is provided, region: us-east-1, authenticator: SNOWFLAKE, ocsp mode: FAIL_OPEN, os: win32, os version: 10.0.26100"}
{"level":"INFO","message":"[10:59:06.934 PM]: Connection[id: 20d98e4b-4017-483e-bd57-493d6514111c] additional details: passcode in password is provided, passcode is not provided, private key is not provided, application: undefined, client name: snowflake-sdk, client version: 2.3.1, retry timeout: 300, private key path: undefined, private key pass is not provided, client store temporary credential: false, browser response timeout: 120000"}
{"level":"INFO","message":"[10:59:06.934 PM]: Connection[id: 20d98e4b-4017-483e-bd57-493d6514111c] - connection object created successfully."}
{"level":"INFO","message":"[10:59:06.934 PM]: Connection[id: 20d98e4b-4017-483e-bd57-493d6514111c] - connecting. Associated Snowflake domain: GLOBAL"}
{"level":"INFO","message":"[10:59:06.934 PM]: Connection[id: 20d98e4b-4017-483e-bd57-493d6514111c] - authentication successful using: SNOWFLAKE"}
{"level":"INFO","message":"[10:59:06.935 PM]: Connection[id: 20d98e4b-4017-483e-bd57-493d6514111c] - connected successfully after 0.66 milliseconds"}
{"level":"INFO","message":"[11:07:22.962 PM]: Creating new connection object"}
{"level":"INFO","message":"[11:07:22.971 PM]: Creating Connection[id: 72e43e8a-3f2e-491e-8471-56dab5569dab] with host: mzc28030.us-east-1.snowflakecomputing.com, account: mzc28030, accessUrl: https://mzc28030.us-east-1.snowflakecomputing.com, user: STUDYAPP_USER, role: undefined, database: STUDYAPP, schema: APPDATA, warehouse: COMPUTE_WH, proxy was not configured, password is provided, region: us-east-1, authenticator: SNOWFLAKE, ocsp mode: FAIL_OPEN, os: win32, os version: 10.0.26100"}
{"level":"INFO","message":"[11:07:22.971 PM]: Connection[id: 72e43e8a-3f2e-491e-8471-56dab5569dab] additional details: passcode in password is provided, passcode is not provided, private key is not provided, application: undefined, client name: snowflake-sdk, client version: 2.3.1, retry timeout: 300, private key path: undefined, private key pass is not provided, client store temporary credential: false, browser response timeout: 120000"}
{"level":"INFO","message":"[11:07:22.972 PM]: Connection[id: 72e43e8a-3f2e-491e-8471-56dab5569dab] - connection object created successfully."}
{"level":"INFO","message":"[11:07:22.972 PM]: Connection[id: 72e43e8a-3f2e-491e-8471-56dab5569dab] - connecting. Associated Snowflake domain: GLOBAL"}
{"level":"INFO","message":"[11:07:22.973 PM]: Connection[id: 72e43e8a-3f2e-491e-8471-56dab5569dab] - authentication successful using: SNOWFLAKE"}
{"level":"INFO","message":"[11:07:22.973 PM]: Trying to initialize Easy Logging"}
{"level":"INFO","message":"[11:07:22.974 PM]: No client config detected."}
{"level":"INFO","message":"[11:07:22.974 PM]: No config file path found. Client config will not be used."}
{"level":"INFO","message":"[11:07:22.974 PM]: Easy Logging is disabled as no config has been found"}
{"level":"INFO","message":"[11:07:22.977 PM]: Connection[id: 72e43e8a-3f2e-491e-8471-56dab5569dab] - connected successfully after 4.72 milliseconds"}
{"level":"INFO","message":"[11:07:24.199 PM]: Creating new connection object"}
{"level":"INFO","message":"[11:07:24.199 PM]: Creating Connection[id: 0630eba8-5f4b-43af-b2f3-8720926a9953] with host: mzc28030.us-east-1.snowflakecomputing.com, account: mzc28030, accessUrl: https://mzc28030.us-east-1.snowflakecomputing.com, user: STUDYAPP_USER, role: undefined, database: STUDYAPP, schema: APPDATA, warehouse: COMPUTE_WH, proxy was not configured, password is provided, region: us-east-1, authenticator: SNOWFLAKE, ocsp mode: FAIL_OPEN, os: win32, os version: 10.0.26100"}
{"level":"INFO","message":"[11:07:24.200 PM]: Connection[id: 0630eba8-5f4b-43af-b2f3-8720926a9953] additional details: passcode in password is provided, passcode is not provided, private key is not provided, application: undefined, client name: snowflake-sdk, client version: 2.3.1, retry timeout: 300, private key path: undefined, private key pass is not provided, client store temporary credential: false, browser response timeout: 120000"}
{"level":"INFO","message":"[11:07:24.200 PM]: Connection[id: 0630eba8-5f4b-43af-b2f3-8720926a9953] - connection object created successfully."}
{"level":"INFO","message":"[11:07:24.200 PM]: Connection[id: 0630eba8-5f4b-43af-b2f3-8720926a9953] - connecting. Associated Snowflake domain: GLOBAL"}
{"level":"INFO","message":"[11:07:24.200 PM]: Connection[id: 0630eba8-5f4b-43af-b2f3-8720926a9953] - authentication successful using: SNOWFLAKE"}
{"level":"INFO","message":"[11:07:24.200 PM]: Connection[id: 0630eba8-5f4b-43af-b2f3-8720926a9953] - connected successfully after 0.56 milliseconds"}
{"level":"INFO","message":"[11:11:14.523 PM]: Creating new connection object"}
{"level":"INFO","message":"[11:11:14.534 PM]: Creating Connection[id: b44d59f6-4c52-4d5e-9d00-ae52fef343a2] with host: mzc28030.us-east-1.snowflakecomputing.com, account: mzc28030, accessUrl: https://mzc28030.us-east-1.snowflakecomputing.com, user: STUDYAPP_USER, role: undefined, database: STUDYAPP, schema: APPDATA, warehouse: COMPUTE_WH, proxy was not configured, password is provided, region: us-east-1, authenticator: SNOWFLAKE, ocsp mode: FAIL_OPEN, os: win32, os version: 10.0.26100"}
{"level":"INFO","message":"[11:11:14.534 PM]: Connection[id: b44d59f6-4c52-4d5e-9d00-ae52fef343a2] additional details: passcode in password is provided, passcode is not provided, private key is not provided, application: undefined, client name: snowflake-sdk, client version: 2.3.1, retry timeout: 300, private key path: undefined, private key pass is not provided, client store temporary credential: false, browser response timeout: 120000"}
{"level":"INFO","message":"[11:11:14.535 PM]: Connection[id: b44d59f6-4c52-4d5e-9d00-ae52fef343a2] - connection object created successfully."}
{"level":"INFO","message":"[11:11:14.535 PM]: Connection[id: b44d59f6-4c52-4d5e-9d00-ae52fef343a2] - connecting. Associated Snowflake domain: GLOBAL"}
{"level":"INFO","message":"[11:11:14.536 PM]: Connection[id: b44d59f6-4c52-4d5e-9d00-ae52fef343a2] - authentication successful using: SNOWFLAKE"}
{"level":"INFO","message":"[11:11:14.536 PM]: Trying to initialize Easy Logging"}
{"level":"INFO","message":"[11:11:14.537 PM]: No client config detected."}
{"level":"INFO","message":"[11:11:14.537 PM]: No config file path found. Client config will not be used."}
{"level":"INFO","message":"[11:11:14.538 PM]: Easy Logging is disabled as no config has been found"}
{"level":"INFO","message":"[11:11:14.540 PM]: Connection[id: b44d59f6-4c52-4d5e-9d00-ae52fef343a2] - connected successfully after 4.74 milliseconds"}
{"level":"INFO","message":"[11:11:15.802 PM]: Creating new connection object"}
{"level":"INFO","message":"[11:11:15.802 PM]: Creating Connection[id: ade9f12c-faf4-41f0-acb8-0ca4a7dd8071] with host: mzc28030.us-east-1.snowflakecomputing.com, account: mzc28030, accessUrl: https://mzc28030.us-east-1.snowflakecomputing.com, user: STUDYAPP_USER, role: undefined, database: STUDYAPP, schema: APPDATA, warehouse: COMPUTE_WH, proxy was not configured, password is provided, region: us-east-1, authenticator: SNOWFLAKE, ocsp mode: FAIL_OPEN, os: win32, os version: 10.0.26100"}
{"level":"INFO","message":"[11:11:15.802 PM]: Connection[id: ade9f12c-faf4-41f0-acb8-0ca4a7dd8071] additional details: passcode in password is provided, passcode is not provided, private key is not provided, application: undefined, client name: snowflake-sdk, client version: 2.3.1, retry timeout: 300, private key path: undefined, private key pass is not provided, client store temporary credential: false, browser response timeout: 120000"}
{"level":"INFO","message":"[11:11:15.803 PM]: Connection[id: ade9f12c-faf4-41f0-acb8-0ca4a7dd8071] - connection object created successfully."}
{"level":"INFO","message":"[11:11:15.803 PM]: Connection[id: ade9f12c-faf4-41f0-acb8-0ca4a7dd8071] - connecting. Associated Snowflake domain: GLOBAL"}
{"level":"INFO","message":"[11:11:15.803 PM]: Connection[id: ade9f12c-faf4-41f0-acb8-0ca4a7dd8071] - authentication successful using: SNOWFLAKE"}
{"level":"INFO","message":"[11:11:15.803 PM]: Connection[id: ade9f12c-faf4-41f0-acb8-0ca4a7dd8071] - connected successfully after 0.58 milliseconds"}
